java.lang.NullPointerException: Cannot invoke "String.split(String)" because "invSlot.item.stats" is null
	at main.system.ui.inventory.UI_InventoryPanel.getTooltip(UI_InventoryPanel.java:195)
	at gameworld.entities.npcs.trader.MERCHANT.drawMerchantTooltip(MERCHANT.java:130)
	at gameworld.entities.npcs.trader.NPC_AbilityTrader.draw(NPC_AbilityTrader.java:59)
	at gameworld.NPC_Control.draw(NPC_Control.java:73)
	at main.MainGame.drawGame(MainGame.java:311)
	at main.MainGame.lambda$startThreads$1(MainGame.java:235)
	at com.sun.scenario.animation.shared.TimelineClipCore.visitKeyFrame(TimelineClipCore.java:239)
	at com.sun.scenario.animation.shared.TimelineClipCore.playTo(TimelineClipCore.java:180)
	at javafx.animation.Timeline.doPlayTo(Timeline.java:172)
	at javafx.animation.AnimationAccessorImpl.playTo(AnimationAccessorImpl.java:39)
	at com.sun.scenario.animation.shared.InfiniteClipEnvelope.timePulse(InfiniteClipEnvelope.java:104)
	at javafx.animation.Animation.doTimePulse(Animation.java:1189)
	at javafx.animation.Animation$1.lambda$timePulse$0(Animation.java:207)
	at java.base/java.security.AccessController.doPrivileged(AccessController.java:399)
	at javafx.animation.Animation$1.timePulse(Animation.java:206)
	at com.sun.scenario.animation.AbstractPrimaryTimer.timePulseImpl(AbstractPrimaryTimer.java:343)
	at com.sun.scenario.animation.AbstractPrimaryTimer$MainLoop.run(AbstractPrimaryTimer.java:266)
	at com.sun.javafx.tk.quantum.QuantumToolkit.pulse(QuantumToolkit.java:588)
	at com.sun.javafx.tk.quantum.QuantumToolkit.pulse(QuantumToolkit.java:572)
	at com.sun.javafx.tk.quantum.QuantumToolkit.pulseFromQueue(QuantumToolkit.java:565)
	at com.sun.javafx.tk.quantum.QuantumToolkit.lambda$runToolkit$11(QuantumToolkit.java:352)
	at com.sun.glass.ui.InvokeLaterDispatcher$Future.run$$$capture(InvokeLaterDispatcher.java:95)
	at com.sun.glass.ui.InvokeLaterDispatcher$Future.run(InvokeLaterDispatcher.java)
	at com.sun.glass.ui.win.WinApplication._runLoop(Native Method)
	at com.sun.glass.ui.win.WinApplication.lambda$runLoop$3(WinApplication.java:183)
	at java.base/java.lang.Thread.run(Thread.java:1589)
